[0;34m============================================================[0m
[0;32m阶段2: 数据过滤[0m
[0;34m============================================================[0m
📂 输入文件: [1;33mhuiliu-data-processor/huiliu-data-processor/tests/test_data_with_user_reply.jsonl[0m
📁 输出文件: [1;33manalysis_outputs/pipeline_sample_outputs/fixture_cleaned_data.jsonl[0m

[1;33m⏳ 正在应用过滤规则...[0m


[1;33m⏳ 正在写入结果...[0m

[0;34m============================================================[0m
[0;32m📊 处理统计[0m
[0;34m============================================================[0m
输入总行数: 7
✅ 通过过滤: 2 (28.6%)
❌ 被过滤: 5 (71.4%)

过滤原因分布:
  - 用户负面反馈: 1
  - 包含退货/取回关键词: 1
  - 包含其他业务名称: 1
  - 过度承诺: 1
  - 过多口语词: 1

📁 输出文件: analysis_outputs/pipeline_sample_outputs/fixture_cleaned_data.jsonl
[0;34m============================================================[0m

