[0;34m📖 读取数据中...[0m
[0;32m✅ 读取完成: 44 条数据[0m

[0;34m🔄 执行全局去重和优选...[0m
[0;32m✅ 去重完成:[0m
  - 去重前: 44 条
  - 去重后: 44 条
  - 去重率: 0.0%

[0;34m✅ 执行质量检查...[0m
[0;32m✅ 质量检查完成:[0m
  - 检查前: 44 条
  - 检查后: 44 条
  - 过滤率: 0.0%
  - 过滤原因:
    - 与历史对话重复: 0
    - 句内字符重复: 0

[0;34m💾 写入输出文件...[0m
[0;32m✅ 输出完成: runs/case_2026-04-20/deduped_data_sample.jsonl[0m

[0;34m━━━━━━━━━━━━━━━━━━━━━━━━━━━━━━━━━━━━━━━━[0m
[0;32m📊 处理总结[0m
[0;34m━━━━━━━━━━━━━━━━━━━━━━━━━━━━━━━━━━━━━━━━[0m
原始数据: 44 条
最终数据: 44 条
总过滤率: 0.0%
保留率: 100.0%
[0;34m━━━━━━━━━━━━━━━━━━━━━━━━━━━━━━━━━━━━━━━━[0m
