[0;34m============================================================[0m
[0;32m阶段2: 数据过滤[0m
[0;34m============================================================[0m
📂 输入文件: [1;33mruns/case_2026-04-20/stage1_user_reply_sample.jsonl[0m
📁 输出文件: [1;33mruns/case_2026-04-20/cleaned_data_sample.jsonl[0m

[1;33m⏳ 第一遍扫描：读取数据...[0m
✅ 读取 81 条数据

[1;33m⏳ 第二遍扫描：应用过滤规则...[0m


[1;33m⏳ 正在写入结果...[0m

[0;34m============================================================[0m
[0;32m📊 处理统计[0m
[0;34m============================================================[0m
输入总行数: 81
✅ 通过过滤: 44 (54.3%)
❌ 被过滤: 37 (45.7%)

过滤原因分布:
  - 用户负面反馈: 19
  - 过度承诺: 11
  - 包含退货/取回关键词: 3
  - 退款越权（已退款表述）: 1
  - 小象单商品退款缺少图片或选择: 1
  - 包含转人工关键词: 1
  - 升级/转接其他客服: 1

📁 输出文件: runs/case_2026-04-20/cleaned_data_sample.jsonl
[0;34m============================================================[0m

